<?xml version="1.0" encoding="UTF-8"?>
<!-- Generated by org.testng.reporters.JUnitReportReporter -->
<testsuite hostname="ZSLLAP-41" failures="0" tests="1" name="onecom.tests.submitOrder" time="32.317" errors="0" timestamp="2023-12-08T00:09:29 IST" skipped="0">
  <testcase classname="onecom.tests.submitOrder" name="submitorder" time="32.317"/>
</testsuite> <!-- onecom.tests.submitOrder -->
