<?xml version="1.0" encoding="UTF-8"?>
<!-- Generated by org.testng.reporters.JUnitReportReporter -->
<testsuite hostname="ZSLLAP-41" failures="0" tests="1" name="onecom.tests.submitOrder" time="39.196" errors="0" timestamp="2023-12-07T10:32:01 IST" skipped="0">
  <testcase classname="onecom.tests.submitOrder" name="submitorder" time="39.196"/>
</testsuite> <!-- onecom.tests.submitOrder -->
