<?xml version="1.0" encoding="UTF-8"?>
<!-- Generated by org.testng.reporters.JUnitReportReporter -->
<testsuite hostname="ZSLLAP-41" failures="0" tests="1" name="onecom.tests.submitOrder" time="50.034" errors="0" timestamp="2023-12-06T21:57:08 IST" skipped="0">
  <testcase classname="onecom.tests.submitOrder" name="submitorder" time="50.034"/>
</testsuite> <!-- onecom.tests.submitOrder -->
