<?xml version="1.0" encoding="UTF-8"?>
<!-- Generated by org.testng.reporters.JUnitReportReporter -->
<testsuite hostname="ZSLLAP-41" failures="0" tests="1" name="onecom.tests.ErrorValidation" time="8.051" errors="0" timestamp="2023-12-06T19:47:07 IST" skipped="0">
  <testcase classname="onecom.tests.ErrorValidation" name="error" time="8.051"/>
</testsuite> <!-- onecom.tests.ErrorValidation -->
